/usr/bin/env /home/k/miniconda3/envs/tf24/bin/python /home/k/.vscode/extensions/ms-python.python-2021.4.765268190/pythonFiles/lib/python/debugpy/launcher 42581 -- /home/k/tf241/test-tflist.py 
2021-04-22 10:58:57.961655: I tensorflow/stream_executor/platform/default/dso_loader.cc:49] Successfully opened dynamic library libcudart.so.11.0
/home/k/tf241/test-tflist.py:126: UserWarning: Matplotlib is currently using agg, which is a non-GUI backend, so cannot show the figure.
  plt.show()
2021-04-22 10:59:24.075331: I tensorflow/compiler/jit/xla_cpu_device.cc:41] Not creating XLA devices, tf_xla_enable_xla_devices not set
2021-04-22 10:59:24.076583: I tensorflow/stream_executor/platform/default/dso_loader.cc:49] Successfully opened dynamic library libcuda.so.1
2021-04-22 10:59:24.112966: I tensorflow/stream_executor/cuda/cuda_gpu_executor.cc:941] successful NUMA node read from SysFS had negative value (-1), but there must be at least one NUMA node, so returning NUMA node zero
2021-04-22 10:59:24.113689: I tensorflow/core/common_runtime/gpu/gpu_device.cc:1720] Found device 0 with properties: 
pciBusID: 0000:01:00.0 name: NVIDIA GeForce RTX 2070 Super computeCapability: 7.5
coreClock: 1.38GHz coreCount: 40 deviceMemorySize: 7.79GiB deviceMemoryBandwidth: 417.29GiB/s
2021-04-22 10:59:24.113758: I tensorflow/stream_executor/platform/default/dso_loader.cc:49] Successfully opened dynamic library libcudart.so.11.0
2021-04-22 10:59:24.128371: I tensorflow/stream_executor/platform/default/dso_loader.cc:49] Successfully opened dynamic library libcublas.so.11
2021-04-22 10:59:24.128480: I tensorflow/stream_executor/platform/default/dso_loader.cc:49] Successfully opened dynamic library libcublasLt.so.11
2021-04-22 10:59:24.136040: I tensorflow/stream_executor/platform/default/dso_loader.cc:49] Successfully opened dynamic library libcufft.so.10
2021-04-22 10:59:24.138726: I tensorflow/stream_executor/platform/default/dso_loader.cc:49] Successfully opened dynamic library libcurand.so.10
2021-04-22 10:59:24.142609: I tensorflow/stream_executor/platform/default/dso_loader.cc:49] Successfully opened dynamic library libcusolver.so.10
2021-04-22 10:59:24.148239: I tensorflow/stream_executor/platform/default/dso_loader.cc:49] Successfully opened dynamic library libcusparse.so.11
2021-04-22 10:59:24.149235: I tensorflow/stream_executor/platform/default/dso_loader.cc:49] Successfully opened dynamic library libcudnn.so.8
2021-04-22 10:59:24.149352: I tensorflow/stream_executor/cuda/cuda_gpu_executor.cc:941] successful NUMA node read from SysFS had negative value (-1), but there must be at least one NUMA node, so returning NUMA node zero
2021-04-22 10:59:24.150022: I tensorflow/stream_executor/cuda/cuda_gpu_executor.cc:941] successful NUMA node read from SysFS had negative value (-1), but there must be at least one NUMA node, so returning NUMA node zero
2021-04-22 10:59:24.150918: I tensorflow/core/common_runtime/gpu/gpu_device.cc:1862] Adding visible gpu devices: 0
2021-04-22 10:59:24.151898: I tensorflow/core/platform/cpu_feature_guard.cc:142] This TensorFlow binary is optimized with oneAPI Deep Neural Network Library (oneDNN) to use the following CPU instructions in performance-critical operations:  AVX2 FMA
To enable them in other operations, rebuild TensorFlow with the appropriate compiler flags.
2021-04-22 10:59:24.152468: I tensorflow/compiler/jit/xla_gpu_device.cc:99] Not creating XLA devices, tf_xla_enable_xla_devices not set
2021-04-22 10:59:24.152565: I tensorflow/stream_executor/cuda/cuda_gpu_executor.cc:941] successful NUMA node read from SysFS had negative value (-1), but there must be at least one NUMA node, so returning NUMA node zero
2021-04-22 10:59:24.153336: I tensorflow/core/common_runtime/gpu/gpu_device.cc:1720] Found device 0 with properties: 
pciBusID: 0000:01:00.0 name: NVIDIA GeForce RTX 2070 Super computeCapability: 7.5
coreClock: 1.38GHz coreCount: 40 deviceMemorySize: 7.79GiB deviceMemoryBandwidth: 417.29GiB/s
2021-04-22 10:59:24.153364: I tensorflow/stream_executor/platform/default/dso_loader.cc:49] Successfully opened dynamic library libcudart.so.11.0
2021-04-22 10:59:24.153391: I tensorflow/stream_executor/platform/default/dso_loader.cc:49] Successfully opened dynamic library libcublas.so.11
2021-04-22 10:59:24.153406: I tensorflow/stream_executor/platform/default/dso_loader.cc:49] Successfully opened dynamic library libcublasLt.so.11
2021-04-22 10:59:24.153421: I tensorflow/stream_executor/platform/default/dso_loader.cc:49] Successfully opened dynamic library libcufft.so.10
2021-04-22 10:59:24.153435: I tensorflow/stream_executor/platform/default/dso_loader.cc:49] Successfully opened dynamic library libcurand.so.10
2021-04-22 10:59:24.153450: I tensorflow/stream_executor/platform/default/dso_loader.cc:49] Successfully opened dynamic library libcusolver.so.10
2021-04-22 10:59:24.153467: I tensorflow/stream_executor/platform/default/dso_loader.cc:49] Successfully opened dynamic library libcusparse.so.11
2021-04-22 10:59:24.153491: I tensorflow/stream_executor/platform/default/dso_loader.cc:49] Successfully opened dynamic library libcudnn.so.8
2021-04-22 10:59:24.153578: I tensorflow/stream_executor/cuda/cuda_gpu_executor.cc:941] successful NUMA node read from SysFS had negative value (-1), but there must be at least one NUMA node, so returning NUMA node zero
2021-04-22 10:59:24.154330: I tensorflow/stream_executor/cuda/cuda_gpu_executor.cc:941] successful NUMA node read from SysFS had negative value (-1), but there must be at least one NUMA node, so returning NUMA node zero
2021-04-22 10:59:24.155278: I tensorflow/core/common_runtime/gpu/gpu_device.cc:1862] Adding visible gpu devices: 0
2021-04-22 10:59:24.155667: I tensorflow/stream_executor/platform/default/dso_loader.cc:49] Successfully opened dynamic library libcudart.so.11.0
2021-04-22 10:59:24.745491: I tensorflow/core/common_runtime/gpu/gpu_device.cc:1261] Device interconnect StreamExecutor with strength 1 edge matrix:
2021-04-22 10:59:24.745512: I tensorflow/core/common_runtime/gpu/gpu_device.cc:1267]      0 
2021-04-22 10:59:24.745517: I tensorflow/core/common_runtime/gpu/gpu_device.cc:1280] 0:   N 
2021-04-22 10:59:24.746422: I tensorflow/stream_executor/cuda/cuda_gpu_executor.cc:941] successful NUMA node read from SysFS had negative value (-1), but there must be at least one NUMA node, so returning NUMA node zero
2021-04-22 10:59:24.746808: I tensorflow/stream_executor/cuda/cuda_gpu_executor.cc:941] successful NUMA node read from SysFS had negative value (-1), but there must be at least one NUMA node, so returning NUMA node zero
2021-04-22 10:59:24.747184: I tensorflow/stream_executor/cuda/cuda_gpu_executor.cc:941] successful NUMA node read from SysFS had negative value (-1), but there must be at least one NUMA node, so returning NUMA node zero
2021-04-22 10:59:24.747580: I tensorflow/core/common_runtime/gpu/gpu_device.cc:1406] Created TensorFlow device (/job:localhost/replica:0/task:0/device:GPU:0 with 6930 MB memory) -> physical GPU (device: 0, name: NVIDIA GeForce RTX 2070 Super, pci bus id: 0000:01:00.0, compute capability: 7.5)
Done prepping data.
/home/k/tf241/test-tflist.py:176: UserWarning: Matplotlib is currently using agg, which is a non-GUI backend, so cannot show the figure.
  plt.show()
Building model and restoring weights for fine-tuning...
2021-04-22 10:59:30.798453: I tensorflow/stream_executor/platform/default/dso_loader.cc:49] Successfully opened dynamic library libcudnn.so.8
2021-04-22 10:59:32.408327: I tensorflow/stream_executor/platform/default/dso_loader.cc:49] Successfully opened dynamic library libcublas.so.11
2021-04-22 10:59:32.411988: E tensorflow/stream_executor/cuda/cuda_blas.cc:226] failed to create cublas handle: CUBLAS_STATUS_NOT_INITIALIZED
2021-04-22 10:59:32.421479: E tensorflow/stream_executor/cuda/cuda_blas.cc:226] failed to create cublas handle: CUBLAS_STATUS_NOT_INITIALIZED
2021-04-22 10:59:32.421500: W tensorflow/stream_executor/stream.cc:1455] attempting to perform BLAS operation using StreamExecutor without BLAS support
Traceback (most recent call last):
  File "/home/k/miniconda3/envs/tf24/lib/python3.8/runpy.py", line 194, in _run_module_as_main
    return _run_code(code, main_globals, None,
  File "/home/k/miniconda3/envs/tf24/lib/python3.8/runpy.py", line 87, in _run_code
    exec(code, run_globals)
  File "/home/k/.vscode/extensions/ms-python.python-2021.4.765268190/pythonFiles/lib/python/debugpy/__main__.py", line 45, in <module>
    cli.main()
  File "/home/k/.vscode/extensions/ms-python.python-2021.4.765268190/pythonFiles/lib/python/debugpy/../debugpy/server/cli.py", line 444, in main
    run()
  File "/home/k/.vscode/extensions/ms-python.python-2021.4.765268190/pythonFiles/lib/python/debugpy/../debugpy/server/cli.py", line 285, in run_file
    runpy.run_path(target_as_str, run_name=compat.force_str("__main__"))
  File "/home/k/miniconda3/envs/tf24/lib/python3.8/runpy.py", line 265, in run_path
    return _run_module_code(code, init_globals, run_name,
  File "/home/k/miniconda3/envs/tf24/lib/python3.8/runpy.py", line 97, in _run_module_code
    _run_code(code, mod_globals, init_globals,
  File "/home/k/miniconda3/envs/tf24/lib/python3.8/runpy.py", line 87, in _run_code
    exec(code, run_globals)
  File "/home/k/tf241/test-tflist.py", line 229, in <module>
    prediction_dict = detection_model.predict(image, shapes)
  File "/home/k/miniconda3/envs/tf24/lib/python3.8/site-packages/object_detection/meta_architectures/ssd_meta_arch.py", line 570, in predict
    feature_maps = self._feature_extractor(preprocessed_inputs)
  File "/home/k/miniconda3/envs/tf24/lib/python3.8/site-packages/tensorflow/python/keras/engine/base_layer.py", line 1012, in __call__
    outputs = call_fn(inputs, *args, **kwargs)
  File "/home/k/miniconda3/envs/tf24/lib/python3.8/site-packages/object_detection/meta_architectures/ssd_meta_arch.py", line 251, in call
    return self._extract_features(inputs)
  File "/home/k/miniconda3/envs/tf24/lib/python3.8/site-packages/object_detection/models/ssd_mobilenet_v2_fpn_keras_feature_extractor.py", line 219, in _extract_features
    image_features = self.classification_backbone(
  File "/home/k/miniconda3/envs/tf24/lib/python3.8/site-packages/tensorflow/python/keras/engine/base_layer.py", line 1012, in __call__
    outputs = call_fn(inputs, *args, **kwargs)
  File "/home/k/miniconda3/envs/tf24/lib/python3.8/site-packages/tensorflow/python/keras/engine/functional.py", line 424, in call
    return self._run_internal_graph(
  File "/home/k/miniconda3/envs/tf24/lib/python3.8/site-packages/tensorflow/python/keras/engine/functional.py", line 560, in _run_internal_graph
    outputs = node.layer(*args, **kwargs)
  File "/home/k/miniconda3/envs/tf24/lib/python3.8/site-packages/tensorflow/python/keras/engine/base_layer.py", line 1012, in __call__
    outputs = call_fn(inputs, *args, **kwargs)
  File "/home/k/miniconda3/envs/tf24/lib/python3.8/site-packages/tensorflow/python/keras/layers/convolutional.py", line 248, in call
    outputs = self._convolution_op(inputs, self.kernel)
  File "/home/k/miniconda3/envs/tf24/lib/python3.8/site-packages/tensorflow/python/util/dispatch.py", line 201, in wrapper
    return target(*args, **kwargs)
  File "/home/k/miniconda3/envs/tf24/lib/python3.8/site-packages/tensorflow/python/ops/nn_ops.py", line 1013, in convolution_v2
    return convolution_internal(
  File "/home/k/miniconda3/envs/tf24/lib/python3.8/site-packages/tensorflow/python/ops/nn_ops.py", line 1143, in convolution_internal
    return op(
  File "/home/k/miniconda3/envs/tf24/lib/python3.8/site-packages/tensorflow/python/ops/nn_ops.py", line 2597, in _conv2d_expanded_batch
    return gen_nn_ops.conv2d(
  File "/home/k/miniconda3/envs/tf24/lib/python3.8/site-packages/tensorflow/python/ops/gen_nn_ops.py", line 932, in conv2d
    _ops.raise_from_not_ok_status(e, name)
  File "/home/k/miniconda3/envs/tf24/lib/python3.8/site-packages/tensorflow/python/framework/ops.py", line 6862, in raise_from_not_ok_status
    six.raise_from(core._status_to_exception(e.code, message), None)
  File "<string>", line 3, in raise_from
tensorflow.python.framework.errors_impl.InternalError: Blas SGEMM launch failed : m=25600, n=16, k=32 [Op:Conv2D]
